[29-Jan-2018 15:32:48 UTC] PHP Warning:  include_once(/home/ubuntu/workspace/web/../var/bootstrap.php.cache): failed to open stream: No such file or directory in /home/ubuntu/workspace/web/app.php on line 7
[29-Jan-2018 15:32:48 UTC] PHP Stack trace:
[29-Jan-2018 15:32:48 UTC] PHP   1. {main}() /home/ubuntu/workspace/web/app.php:0
[29-Jan-2018 15:32:48 UTC] PHP Warning:  include_once(): Failed opening '/home/ubuntu/workspace/web/../var/bootstrap.php.cache' for inclusion (include_path='.:/usr/share/php:/usr/share/pear') in /home/ubuntu/workspace/web/app.php on line 7
[29-Jan-2018 15:32:48 UTC] PHP Stack trace:
[29-Jan-2018 15:32:48 UTC] PHP   1. {main}() /home/ubuntu/workspace/web/app.php:0
[29-Jan-2018 15:32:48 UTC] PHP Fatal error:  Uncaught exception 'Symfony\Component\Config\Exception\FileLocatorFileNotFoundException' with message 'The file "parameters.yml" does not exist (in: /home/ubuntu/workspace/app/config).' in /home/ubuntu/workspace/vendor/symfony/symfony/src/Symfony/Component/Config/FileLocator.php:71
Stack trace:
#0 /home/ubuntu/workspace/vendor/symfony/symfony/src/Symfony/Component/HttpKernel/Config/FileLocator.php(52): Symfony\Component\Config\FileLocator->locate('parameters.yml', '/home/ubuntu/wo...', false)
#1 /home/ubuntu/workspace/vendor/symfony/symfony/src/Symfony/Component/Config/Loader/FileLoader.php(136): Symfony\Component\HttpKernel\Config\FileLocator->locate('parameters.yml', '/home/ubuntu/wo...', false)
#2 /home/ubuntu/workspace/vendor/symfony/symfony/src/Symfony/Component/Config/Loader/FileLoader.php(90): Symfony\Component\Config\Loader\FileLoader->doImport('parameters.yml', NULL, false, '/home/ubuntu/wo...')
#3 /home/ubuntu/workspace/vendor/symfony/symfony/src/Symfony/Component/DependencyInjection/Loader/YamlFile in /home/ubuntu/workspace/vendor/symfony/symfony/src/Symfony/Component/Config/Loader/FileLoader.php on line 168
[29-Jan-2018 15:33:56 UTC] PHP Warning:  include_once(/home/ubuntu/workspace/web/../var/bootstrap.php.cache): failed to open stream: No such file or directory in /home/ubuntu/workspace/web/app.php on line 7
[29-Jan-2018 15:33:56 UTC] PHP Stack trace:
[29-Jan-2018 15:33:56 UTC] PHP   1. {main}() /home/ubuntu/workspace/web/app.php:0
[29-Jan-2018 15:33:56 UTC] PHP Warning:  include_once(): Failed opening '/home/ubuntu/workspace/web/../var/bootstrap.php.cache' for inclusion (include_path='.:/usr/share/php:/usr/share/pear') in /home/ubuntu/workspace/web/app.php on line 7
[29-Jan-2018 15:33:56 UTC] PHP Stack trace:
[29-Jan-2018 15:33:56 UTC] PHP   1. {main}() /home/ubuntu/workspace/web/app.php:0
[29-Jan-2018 15:33:56 UTC] PHP Fatal error:  Uncaught exception 'Symfony\Component\Config\Exception\FileLocatorFileNotFoundException' with message 'The file "parameters.yml" does not exist (in: /home/ubuntu/workspace/app/config).' in /home/ubuntu/workspace/vendor/symfony/symfony/src/Symfony/Component/Config/FileLocator.php:71
Stack trace:
#0 /home/ubuntu/workspace/vendor/symfony/symfony/src/Symfony/Component/HttpKernel/Config/FileLocator.php(52): Symfony\Component\Config\FileLocator->locate('parameters.yml', '/home/ubuntu/wo...', false)
#1 /home/ubuntu/workspace/vendor/symfony/symfony/src/Symfony/Component/Config/Loader/FileLoader.php(136): Symfony\Component\HttpKernel\Config\FileLocator->locate('parameters.yml', '/home/ubuntu/wo...', false)
#2 /home/ubuntu/workspace/vendor/symfony/symfony/src/Symfony/Component/Config/Loader/FileLoader.php(90): Symfony\Component\Config\Loader\FileLoader->doImport('parameters.yml', NULL, false, '/home/ubuntu/wo...')
#3 /home/ubuntu/workspace/vendor/symfony/symfony/src/Symfony/Component/DependencyInjection/Loader/YamlFile in /home/ubuntu/workspace/vendor/symfony/symfony/src/Symfony/Component/Config/Loader/FileLoader.php on line 168
[12-Feb-2018 14:48:45 UTC] PHP Warning:  include_once(/home/ubuntu/workspace/web/../var/bootstrap.php.cache): failed to open stream: No such file or directory in /home/ubuntu/workspace/web/app.php on line 7
[12-Feb-2018 14:48:45 UTC] PHP Stack trace:
[12-Feb-2018 14:48:45 UTC] PHP   1. {main}() /home/ubuntu/workspace/web/app.php:0
[12-Feb-2018 14:48:45 UTC] PHP Warning:  include_once(): Failed opening '/home/ubuntu/workspace/web/../var/bootstrap.php.cache' for inclusion (include_path='.:/usr/share/php:/usr/share/pear') in /home/ubuntu/workspace/web/app.php on line 7
[12-Feb-2018 14:48:45 UTC] PHP Stack trace:
[12-Feb-2018 14:48:45 UTC] PHP   1. {main}() /home/ubuntu/workspace/web/app.php:0
[12-Feb-2018 14:49:00 UTC] PHP Warning:  include_once(/home/ubuntu/workspace/web/../var/bootstrap.php.cache): failed to open stream: No such file or directory in /home/ubuntu/workspace/web/app.php on line 7
[12-Feb-2018 14:49:00 UTC] PHP Stack trace:
[12-Feb-2018 14:49:00 UTC] PHP   1. {main}() /home/ubuntu/workspace/web/app.php:0
[12-Feb-2018 14:49:00 UTC] PHP Warning:  include_once(): Failed opening '/home/ubuntu/workspace/web/../var/bootstrap.php.cache' for inclusion (include_path='.:/usr/share/php:/usr/share/pear') in /home/ubuntu/workspace/web/app.php on line 7
[12-Feb-2018 14:49:00 UTC] PHP Stack trace:
[12-Feb-2018 14:49:00 UTC] PHP   1. {main}() /home/ubuntu/workspace/web/app.php:0
[12-Feb-2018 14:49:00 UTC] PHP Warning:  include_once(/home/ubuntu/workspace/web/../var/bootstrap.php.cache): failed to open stream: No such file or directory in /home/ubuntu/workspace/web/app.php on line 7
[12-Feb-2018 14:49:00 UTC] PHP Stack trace:
[12-Feb-2018 14:49:00 UTC] PHP   1. {main}() /home/ubuntu/workspace/web/app.php:0
[12-Feb-2018 14:49:00 UTC] PHP Warning:  include_once(): Failed opening '/home/ubuntu/workspace/web/../var/bootstrap.php.cache' for inclusion (include_path='.:/usr/share/php:/usr/share/pear') in /home/ubuntu/workspace/web/app.php on line 7
[12-Feb-2018 14:49:00 UTC] PHP Stack trace:
[12-Feb-2018 14:49:00 UTC] PHP   1. {main}() /home/ubuntu/workspace/web/app.php:0
[12-Feb-2018 14:49:00 UTC] PHP Warning:  include_once(/home/ubuntu/workspace/web/../var/bootstrap.php.cache): failed to open stream: No such file or directory in /home/ubuntu/workspace/web/app.php on line 7
[12-Feb-2018 14:49:00 UTC] PHP Stack trace:
[12-Feb-2018 14:49:00 UTC] PHP   1. {main}() /home/ubuntu/workspace/web/app.php:0
[12-Feb-2018 14:49:00 UTC] PHP Warning:  include_once(): Failed opening '/home/ubuntu/workspace/web/../var/bootstrap.php.cache' for inclusion (include_path='.:/usr/share/php:/usr/share/pear') in /home/ubuntu/workspace/web/app.php on line 7
[12-Feb-2018 14:49:00 UTC] PHP Stack trace:
[12-Feb-2018 14:49:00 UTC] PHP   1. {main}() /home/ubuntu/workspace/web/app.php:0
[12-Feb-2018 14:49:01 UTC] PHP Warning:  include_once(/home/ubuntu/workspace/web/../var/bootstrap.php.cache): failed to open stream: No such file or directory in /home/ubuntu/workspace/web/app.php on line 7
[12-Feb-2018 14:49:01 UTC] PHP Stack trace:
[12-Feb-2018 14:49:01 UTC] PHP   1. {main}() /home/ubuntu/workspace/web/app.php:0
[12-Feb-2018 14:49:01 UTC] PHP Warning:  include_once(): Failed opening '/home/ubuntu/workspace/web/../var/bootstrap.php.cache' for inclusion (include_path='.:/usr/share/php:/usr/share/pear') in /home/ubuntu/workspace/web/app.php on line 7
[12-Feb-2018 14:49:01 UTC] PHP Stack trace:
[12-Feb-2018 14:49:01 UTC] PHP   1. {main}() /home/ubuntu/workspace/web/app.php:0
[12-Feb-2018 14:49:01 UTC] PHP Warning:  include_once(/home/ubuntu/workspace/web/../var/bootstrap.php.cache): failed to open stream: No such file or directory in /home/ubuntu/workspace/web/app.php on line 7
[12-Feb-2018 14:49:01 UTC] PHP Stack trace:
[12-Feb-2018 14:49:01 UTC] PHP   1. {main}() /home/ubuntu/workspace/web/app.php:0
[12-Feb-2018 14:49:01 UTC] PHP Warning:  include_once(): Failed opening '/home/ubuntu/workspace/web/../var/bootstrap.php.cache' for inclusion (include_path='.:/usr/share/php:/usr/share/pear') in /home/ubuntu/workspace/web/app.php on line 7
[12-Feb-2018 14:49:01 UTC] PHP Stack trace:
[12-Feb-2018 14:49:01 UTC] PHP   1. {main}() /home/ubuntu/workspace/web/app.php:0
[12-Feb-2018 14:49:01 UTC] PHP Warning:  include_once(/home/ubuntu/workspace/web/../var/bootstrap.php.cache): failed to open stream: No such file or directory in /home/ubuntu/workspace/web/app.php on line 7
[12-Feb-2018 14:49:01 UTC] PHP Stack trace:
[12-Feb-2018 14:49:01 UTC] PHP   1. {main}() /home/ubuntu/workspace/web/app.php:0
[12-Feb-2018 14:49:01 UTC] PHP Warning:  include_once(): Failed opening '/home/ubuntu/workspace/web/../var/bootstrap.php.cache' for inclusion (include_path='.:/usr/share/php:/usr/share/pear') in /home/ubuntu/workspace/web/app.php on line 7
[12-Feb-2018 14:49:01 UTC] PHP Stack trace:
[12-Feb-2018 14:49:01 UTC] PHP   1. {main}() /home/ubuntu/workspace/web/app.php:0
[12-Feb-2018 14:49:01 UTC] PHP Warning:  include_once(/home/ubuntu/workspace/web/../var/bootstrap.php.cache): failed to open stream: No such file or directory in /home/ubuntu/workspace/web/app.php on line 7
[12-Feb-2018 14:49:01 UTC] PHP Stack trace:
[12-Feb-2018 14:49:01 UTC] PHP   1. {main}() /home/ubuntu/workspace/web/app.php:0
[12-Feb-2018 14:49:01 UTC] PHP Warning:  include_once(): Failed opening '/home/ubuntu/workspace/web/../var/bootstrap.php.cache' for inclusion (include_path='.:/usr/share/php:/usr/share/pear') in /home/ubuntu/workspace/web/app.php on line 7
[12-Feb-2018 14:49:01 UTC] PHP Stack trace:
[12-Feb-2018 14:49:01 UTC] PHP   1. {main}() /home/ubuntu/workspace/web/app.php:0
[12-Feb-2018 14:49:01 UTC] PHP Warning:  include_once(/home/ubuntu/workspace/web/../var/bootstrap.php.cache): failed to open stream: No such file or directory in /home/ubuntu/workspace/web/app.php on line 7
[12-Feb-2018 14:49:01 UTC] PHP Stack trace:
[12-Feb-2018 14:49:01 UTC] PHP   1. {main}() /home/ubuntu/workspace/web/app.php:0
[12-Feb-2018 14:49:01 UTC] PHP Warning:  include_once(): Failed opening '/home/ubuntu/workspace/web/../var/bootstrap.php.cache' for inclusion (include_path='.:/usr/share/php:/usr/share/pear') in /home/ubuntu/workspace/web/app.php on line 7
[12-Feb-2018 14:49:01 UTC] PHP Stack trace:
[12-Feb-2018 14:49:01 UTC] PHP   1. {main}() /home/ubuntu/workspace/web/app.php:0
[12-Feb-2018 14:49:01 UTC] PHP Warning:  include_once(/home/ubuntu/workspace/web/../var/bootstrap.php.cache): failed to open stream: No such file or directory in /home/ubuntu/workspace/web/app.php on line 7
[12-Feb-2018 14:49:01 UTC] PHP Stack trace:
[12-Feb-2018 14:49:01 UTC] PHP   1. {main}() /home/ubuntu/workspace/web/app.php:0
[12-Feb-2018 14:49:01 UTC] PHP Warning:  include_once(): Failed opening '/home/ubuntu/workspace/web/../var/bootstrap.php.cache' for inclusion (include_path='.:/usr/share/php:/usr/share/pear') in /home/ubuntu/workspace/web/app.php on line 7
[12-Feb-2018 14:49:01 UTC] PHP Stack trace:
[12-Feb-2018 14:49:01 UTC] PHP   1. {main}() /home/ubuntu/workspace/web/app.php:0
[12-Feb-2018 14:49:01 UTC] PHP Warning:  include_once(/home/ubuntu/workspace/web/../var/bootstrap.php.cache): failed to open stream: No such file or directory in /home/ubuntu/workspace/web/app.php on line 7
[12-Feb-2018 14:49:01 UTC] PHP Stack trace:
[12-Feb-2018 14:49:01 UTC] PHP   1. {main}() /home/ubuntu/workspace/web/app.php:0
[12-Feb-2018 14:49:01 UTC] PHP Warning:  include_once(): Failed opening '/home/ubuntu/workspace/web/../var/bootstrap.php.cache' for inclusion (include_path='.:/usr/share/php:/usr/share/pear') in /home/ubuntu/workspace/web/app.php on line 7
[12-Feb-2018 14:49:01 UTC] PHP Stack trace:
[12-Feb-2018 14:49:01 UTC] PHP   1. {main}() /home/ubuntu/workspace/web/app.php:0
[12-Feb-2018 14:49:01 UTC] PHP Warning:  include_once(/home/ubuntu/workspace/web/../var/bootstrap.php.cache): failed to open stream: No such file or directory in /home/ubuntu/workspace/web/app.php on line 7
[12-Feb-2018 14:49:01 UTC] PHP Stack trace:
[12-Feb-2018 14:49:01 UTC] PHP   1. {main}() /home/ubuntu/workspace/web/app.php:0
[12-Feb-2018 14:49:01 UTC] PHP Warning:  include_once(): Failed opening '/home/ubuntu/workspace/web/../var/bootstrap.php.cache' for inclusion (include_path='.:/usr/share/php:/usr/share/pear') in /home/ubuntu/workspace/web/app.php on line 7
[12-Feb-2018 14:49:01 UTC] PHP Stack trace:
[12-Feb-2018 14:49:01 UTC] PHP   1. {main}() /home/ubuntu/workspace/web/app.php:0
[12-Feb-2018 14:49:01 UTC] PHP Warning:  include_once(/home/ubuntu/workspace/web/../var/bootstrap.php.cache): failed to open stream: No such file or directory in /home/ubuntu/workspace/web/app.php on line 7
[12-Feb-2018 14:49:01 UTC] PHP Stack trace:
[12-Feb-2018 14:49:01 UTC] PHP   1. {main}() /home/ubuntu/workspace/web/app.php:0
[12-Feb-2018 14:49:01 UTC] PHP Warning:  include_once(): Failed opening '/home/ubuntu/workspace/web/../var/bootstrap.php.cache' for inclusion (include_path='.:/usr/share/php:/usr/share/pear') in /home/ubuntu/workspace/web/app.php on line 7
[12-Feb-2018 14:49:01 UTC] PHP Stack trace:
[12-Feb-2018 14:49:01 UTC] PHP   1. {main}() /home/ubuntu/workspace/web/app.php:0
[12-Feb-2018 14:49:01 UTC] PHP Warning:  include_once(/home/ubuntu/workspace/web/../var/bootstrap.php.cache): failed to open stream: No such file or directory in /home/ubuntu/workspace/web/app.php on line 7
[12-Feb-2018 14:49:01 UTC] PHP Stack trace:
[12-Feb-2018 14:49:01 UTC] PHP   1. {main}() /home/ubuntu/workspace/web/app.php:0
[12-Feb-2018 14:49:01 UTC] PHP Warning:  include_once(): Failed opening '/home/ubuntu/workspace/web/../var/bootstrap.php.cache' for inclusion (include_path='.:/usr/share/php:/usr/share/pear') in /home/ubuntu/workspace/web/app.php on line 7
[12-Feb-2018 14:49:01 UTC] PHP Stack trace:
[12-Feb-2018 14:49:01 UTC] PHP   1. {main}() /home/ubuntu/workspace/web/app.php:0
[12-Feb-2018 14:49:01 UTC] PHP Warning:  include_once(/home/ubuntu/workspace/web/../var/bootstrap.php.cache): failed to open stream: No such file or directory in /home/ubuntu/workspace/web/app.php on line 7
[12-Feb-2018 14:49:01 UTC] PHP Stack trace:
[12-Feb-2018 14:49:01 UTC] PHP   1. {main}() /home/ubuntu/workspace/web/app.php:0
[12-Feb-2018 14:49:01 UTC] PHP Warning:  include_once(): Failed opening '/home/ubuntu/workspace/web/../var/bootstrap.php.cache' for inclusion (include_path='.:/usr/share/php:/usr/share/pear') in /home/ubuntu/workspace/web/app.php on line 7
[12-Feb-2018 14:49:01 UTC] PHP Stack trace:
[12-Feb-2018 14:49:01 UTC] PHP   1. {main}() /home/ubuntu/workspace/web/app.php:0
[12-Feb-2018 14:49:01 UTC] PHP Warning:  include_once(/home/ubuntu/workspace/web/../var/bootstrap.php.cache): failed to open stream: No such file or directory in /home/ubuntu/workspace/web/app.php on line 7
[12-Feb-2018 14:49:01 UTC] PHP Stack trace:
[12-Feb-2018 14:49:01 UTC] PHP   1. {main}() /home/ubuntu/workspace/web/app.php:0
[12-Feb-2018 14:49:01 UTC] PHP Warning:  include_once(): Failed opening '/home/ubuntu/workspace/web/../var/bootstrap.php.cache' for inclusion (include_path='.:/usr/share/php:/usr/share/pear') in /home/ubuntu/workspace/web/app.php on line 7
[12-Feb-2018 14:49:01 UTC] PHP Stack trace:
[12-Feb-2018 14:49:01 UTC] PHP   1. {main}() /home/ubuntu/workspace/web/app.php:0
[12-Feb-2018 15:02:15 UTC] PHP Warning:  include_once(/home/ubuntu/workspace/web/../var/bootstrap.php.cache): failed to open stream: No such file or directory in /home/ubuntu/workspace/web/app.php on line 7
[12-Feb-2018 15:02:15 UTC] PHP Stack trace:
[12-Feb-2018 15:02:15 UTC] PHP   1. {main}() /home/ubuntu/workspace/web/app.php:0
[12-Feb-2018 15:02:15 UTC] PHP Warning:  include_once(): Failed opening '/home/ubuntu/workspace/web/../var/bootstrap.php.cache' for inclusion (include_path='.:/usr/share/php:/usr/share/pear') in /home/ubuntu/workspace/web/app.php on line 7
[12-Feb-2018 15:02:15 UTC] PHP Stack trace:
[12-Feb-2018 15:02:15 UTC] PHP   1. {main}() /home/ubuntu/workspace/web/app.php:0
[12-Feb-2018 15:02:15 UTC] PHP Parse error:  syntax error, unexpected '=>' (T_DOUBLE_ARROW), expecting ')' in /home/ubuntu/workspace/src/AppBundle/Controller/DefaultController.php on line 20
[12-Feb-2018 15:02:15 UTC] PHP Stack trace:
[12-Feb-2018 15:02:15 UTC] PHP   1. {main}() /home/ubuntu/workspace/web/app.php:0
[12-Feb-2018 15:02:15 UTC] PHP   2. Symfony\Component\HttpKernel\Kernel->handle() /home/ubuntu/workspace/web/app.php:19
[12-Feb-2018 15:02:15 UTC] PHP   3. Symfony\Component\HttpKernel\HttpKernel->handle() /home/ubuntu/workspace/vendor/symfony/symfony/src/Symfony/Component/HttpKernel/Kernel.php:202
[12-Feb-2018 15:02:15 UTC] PHP   4. Symfony\Component\HttpKernel\HttpKernel->handleRaw() /home/ubuntu/workspace/var/cache/prod/classes.php:4769
[12-Feb-2018 15:02:15 UTC] PHP   5. Symfony\Component\HttpKernel\Controller\ContainerControllerResolver->getController() /home/ubuntu/workspace/var/cache/prod/classes.php:4803
[12-Feb-2018 15:02:15 UTC] PHP   6. Symfony\Component\HttpKernel\Controller\ControllerResolver->getController() /home/ubuntu/workspace/var/cache/prod/classes.php:5040
[12-Feb-2018 15:02:15 UTC] PHP   7. Symfony\Bundle\FrameworkBundle\Controller\ControllerResolver->createController() /home/ubuntu/workspace/var/cache/prod/classes.php:4294
[12-Feb-2018 15:02:15 UTC] PHP   8. Symfony\Component\HttpKernel\Controller\ContainerControllerResolver->createController() /home/ubuntu/workspace/var/cache/prod/classes.php:5109
[12-Feb-2018 15:02:15 UTC] PHP   9. Symfony\Component\HttpKernel\Controller\ControllerResolver->createController() /home/ubuntu/workspace/var/cache/prod/classes.php:5049
[12-Feb-2018 15:02:15 UTC] PHP  10. class_exists() /home/ubuntu/workspace/var/cache/prod/classes.php:4350
[12-Feb-2018 15:02:15 UTC] PHP  11. spl_autoload_call() /home/ubuntu/workspace/var/cache/prod/classes.php:4350
[12-Feb-2018 15:02:15 UTC] PHP  12. Composer\Autoload\ClassLoader->loadClass() /home/ubuntu/workspace/var/cache/prod/classes.php:4350
[12-Feb-2018 15:02:15 UTC] PHP  13. Composer\Autoload\includeFile() /home/ubuntu/workspace/vendor/composer/ClassLoader.php:322
[12-Feb-2018 15:06:30 UTC] PHP Warning:  include_once(/home/ubuntu/workspace/web/../var/bootstrap.php.cache): failed to open stream: No such file or directory in /home/ubuntu/workspace/web/app.php on line 7
[12-Feb-2018 15:06:30 UTC] PHP Stack trace:
[12-Feb-2018 15:06:30 UTC] PHP   1. {main}() /home/ubuntu/workspace/web/app.php:0
[12-Feb-2018 15:06:30 UTC] PHP Warning:  include_once(): Failed opening '/home/ubuntu/workspace/web/../var/bootstrap.php.cache' for inclusion (include_path='.:/usr/share/php:/usr/share/pear') in /home/ubuntu/workspace/web/app.php on line 7
[12-Feb-2018 15:06:30 UTC] PHP Stack trace:
[12-Feb-2018 15:06:30 UTC] PHP   1. {main}() /home/ubuntu/workspace/web/app.php:0
[12-Feb-2018 15:06:30 UTC] PHP Parse error:  syntax error, unexpected '=>' (T_DOUBLE_ARROW), expecting ')' in /home/ubuntu/workspace/src/AppBundle/Controller/DefaultController.php on line 20
[12-Feb-2018 15:06:30 UTC] PHP Stack trace:
[12-Feb-2018 15:06:30 UTC] PHP   1. {main}() /home/ubuntu/workspace/web/app.php:0
[12-Feb-2018 15:06:30 UTC] PHP   2. Symfony\Component\HttpKernel\Kernel->handle() /home/ubuntu/workspace/web/app.php:19
[12-Feb-2018 15:06:30 UTC] PHP   3. Symfony\Component\HttpKernel\HttpKernel->handle() /home/ubuntu/workspace/vendor/symfony/symfony/src/Symfony/Component/HttpKernel/Kernel.php:202
[12-Feb-2018 15:06:30 UTC] PHP   4. Symfony\Component\HttpKernel\HttpKernel->handleRaw() /home/ubuntu/workspace/var/cache/prod/classes.php:4769
[12-Feb-2018 15:06:30 UTC] PHP   5. Symfony\Component\HttpKernel\Controller\ContainerControllerResolver->getController() /home/ubuntu/workspace/var/cache/prod/classes.php:4803
[12-Feb-2018 15:06:30 UTC] PHP   6. Symfony\Component\HttpKernel\Controller\ControllerResolver->getController() /home/ubuntu/workspace/var/cache/prod/classes.php:5040
[12-Feb-2018 15:06:30 UTC] PHP   7. Symfony\Bundle\FrameworkBundle\Controller\ControllerResolver->createController() /home/ubuntu/workspace/var/cache/prod/classes.php:4294
[12-Feb-2018 15:06:30 UTC] PHP   8. Symfony\Component\HttpKernel\Controller\ContainerControllerResolver->createController() /home/ubuntu/workspace/var/cache/prod/classes.php:5109
[12-Feb-2018 15:06:30 UTC] PHP   9. Symfony\Component\HttpKernel\Controller\ControllerResolver->createController() /home/ubuntu/workspace/var/cache/prod/classes.php:5049
[12-Feb-2018 15:06:30 UTC] PHP  10. class_exists() /home/ubuntu/workspace/var/cache/prod/classes.php:4350
[12-Feb-2018 15:06:30 UTC] PHP  11. spl_autoload_call() /home/ubuntu/workspace/var/cache/prod/classes.php:4350
[12-Feb-2018 15:06:30 UTC] PHP  12. Composer\Autoload\ClassLoader->loadClass() /home/ubuntu/workspace/var/cache/prod/classes.php:4350
[12-Feb-2018 15:06:30 UTC] PHP  13. Composer\Autoload\includeFile() /home/ubuntu/workspace/vendor/composer/ClassLoader.php:322
[12-Feb-2018 15:07:36 UTC] PHP Warning:  include_once(/home/ubuntu/workspace/web/../var/bootstrap.php.cache): failed to open stream: No such file or directory in /home/ubuntu/workspace/web/app.php on line 7
[12-Feb-2018 15:07:36 UTC] PHP Stack trace:
[12-Feb-2018 15:07:36 UTC] PHP   1. {main}() /home/ubuntu/workspace/web/app.php:0
[12-Feb-2018 15:07:36 UTC] PHP Warning:  include_once(): Failed opening '/home/ubuntu/workspace/web/../var/bootstrap.php.cache' for inclusion (include_path='.:/usr/share/php:/usr/share/pear') in /home/ubuntu/workspace/web/app.php on line 7
[12-Feb-2018 15:07:36 UTC] PHP Stack trace:
[12-Feb-2018 15:07:36 UTC] PHP   1. {main}() /home/ubuntu/workspace/web/app.php:0
[12-Feb-2018 15:07:36 UTC] PHP Parse error:  syntax error, unexpected '=>' (T_DOUBLE_ARROW), expecting ')' in /home/ubuntu/workspace/src/AppBundle/Controller/DefaultController.php on line 20
[12-Feb-2018 15:07:36 UTC] PHP Stack trace:
[12-Feb-2018 15:07:36 UTC] PHP   1. {main}() /home/ubuntu/workspace/web/app.php:0
[12-Feb-2018 15:07:36 UTC] PHP   2. Symfony\Component\HttpKernel\Kernel->handle() /home/ubuntu/workspace/web/app.php:19
[12-Feb-2018 15:07:36 UTC] PHP   3. Symfony\Component\HttpKernel\HttpKernel->handle() /home/ubuntu/workspace/vendor/symfony/symfony/src/Symfony/Component/HttpKernel/Kernel.php:202
[12-Feb-2018 15:07:36 UTC] PHP   4. Symfony\Component\HttpKernel\HttpKernel->handleRaw() /home/ubuntu/workspace/var/cache/prod/classes.php:4769
[12-Feb-2018 15:07:36 UTC] PHP   5. Symfony\Component\HttpKernel\Controller\ContainerControllerResolver->getController() /home/ubuntu/workspace/var/cache/prod/classes.php:4803
[12-Feb-2018 15:07:36 UTC] PHP   6. Symfony\Component\HttpKernel\Controller\ControllerResolver->getController() /home/ubuntu/workspace/var/cache/prod/classes.php:5040
[12-Feb-2018 15:07:36 UTC] PHP   7. Symfony\Bundle\FrameworkBundle\Controller\ControllerResolver->createController() /home/ubuntu/workspace/var/cache/prod/classes.php:4294
[12-Feb-2018 15:07:36 UTC] PHP   8. Symfony\Component\HttpKernel\Controller\ContainerControllerResolver->createController() /home/ubuntu/workspace/var/cache/prod/classes.php:5109
[12-Feb-2018 15:07:36 UTC] PHP   9. Symfony\Component\HttpKernel\Controller\ControllerResolver->createController() /home/ubuntu/workspace/var/cache/prod/classes.php:5049
[12-Feb-2018 15:07:36 UTC] PHP  10. class_exists() /home/ubuntu/workspace/var/cache/prod/classes.php:4350
[12-Feb-2018 15:07:36 UTC] PHP  11. spl_autoload_call() /home/ubuntu/workspace/var/cache/prod/classes.php:4350
[12-Feb-2018 15:07:36 UTC] PHP  12. Composer\Autoload\ClassLoader->loadClass() /home/ubuntu/workspace/var/cache/prod/classes.php:4350
[12-Feb-2018 15:07:36 UTC] PHP  13. Composer\Autoload\includeFile() /home/ubuntu/workspace/vendor/composer/ClassLoader.php:322
[12-Feb-2018 15:08:07 UTC] PHP Warning:  include_once(/home/ubuntu/workspace/web/../var/bootstrap.php.cache): failed to open stream: No such file or directory in /home/ubuntu/workspace/web/app.php on line 7
[12-Feb-2018 15:08:07 UTC] PHP Stack trace:
[12-Feb-2018 15:08:07 UTC] PHP   1. {main}() /home/ubuntu/workspace/web/app.php:0
[12-Feb-2018 15:08:07 UTC] PHP Warning:  include_once(): Failed opening '/home/ubuntu/workspace/web/../var/bootstrap.php.cache' for inclusion (include_path='.:/usr/share/php:/usr/share/pear') in /home/ubuntu/workspace/web/app.php on line 7
[12-Feb-2018 15:08:07 UTC] PHP Stack trace:
[12-Feb-2018 15:08:07 UTC] PHP   1. {main}() /home/ubuntu/workspace/web/app.php:0
[12-Feb-2018 15:08:07 UTC] PHP Parse error:  syntax error, unexpected '=>' (T_DOUBLE_ARROW), expecting ')' in /home/ubuntu/workspace/src/AppBundle/Controller/DefaultController.php on line 20
[12-Feb-2018 15:08:07 UTC] PHP Stack trace:
[12-Feb-2018 15:08:07 UTC] PHP   1. {main}() /home/ubuntu/workspace/web/app.php:0
[12-Feb-2018 15:08:07 UTC] PHP   2. Symfony\Component\HttpKernel\Kernel->handle() /home/ubuntu/workspace/web/app.php:19
[12-Feb-2018 15:08:07 UTC] PHP   3. Symfony\Component\HttpKernel\HttpKernel->handle() /home/ubuntu/workspace/vendor/symfony/symfony/src/Symfony/Component/HttpKernel/Kernel.php:202
[12-Feb-2018 15:08:07 UTC] PHP   4. Symfony\Component\HttpKernel\HttpKernel->handleRaw() /home/ubuntu/workspace/var/cache/prod/classes.php:4769
[12-Feb-2018 15:08:07 UTC] PHP   5. Symfony\Component\HttpKernel\Controller\ContainerControllerResolver->getController() /home/ubuntu/workspace/var/cache/prod/classes.php:4803
[12-Feb-2018 15:08:07 UTC] PHP   6. Symfony\Component\HttpKernel\Controller\ControllerResolver->getController() /home/ubuntu/workspace/var/cache/prod/classes.php:5040
[12-Feb-2018 15:08:07 UTC] PHP   7. Symfony\Bundle\FrameworkBundle\Controller\ControllerResolver->createController() /home/ubuntu/workspace/var/cache/prod/classes.php:4294
[12-Feb-2018 15:08:07 UTC] PHP   8. Symfony\Component\HttpKernel\Controller\ContainerControllerResolver->createController() /home/ubuntu/workspace/var/cache/prod/classes.php:5109
[12-Feb-2018 15:08:07 UTC] PHP   9. Symfony\Component\HttpKernel\Controller\ControllerResolver->createController() /home/ubuntu/workspace/var/cache/prod/classes.php:5049
[12-Feb-2018 15:08:07 UTC] PHP  10. class_exists() /home/ubuntu/workspace/var/cache/prod/classes.php:4350
[12-Feb-2018 15:08:07 UTC] PHP  11. spl_autoload_call() /home/ubuntu/workspace/var/cache/prod/classes.php:4350
[12-Feb-2018 15:08:07 UTC] PHP  12. Composer\Autoload\ClassLoader->loadClass() /home/ubuntu/workspace/var/cache/prod/classes.php:4350
[12-Feb-2018 15:08:07 UTC] PHP  13. Composer\Autoload\includeFile() /home/ubuntu/workspace/vendor/composer/ClassLoader.php:322
[12-Feb-2018 15:08:16 UTC] PHP Warning:  include_once(/home/ubuntu/workspace/web/../var/bootstrap.php.cache): failed to open stream: No such file or directory in /home/ubuntu/workspace/web/app.php on line 7
[12-Feb-2018 15:08:16 UTC] PHP Stack trace:
[12-Feb-2018 15:08:16 UTC] PHP   1. {main}() /home/ubuntu/workspace/web/app.php:0
[12-Feb-2018 15:08:16 UTC] PHP Warning:  include_once(): Failed opening '/home/ubuntu/workspace/web/../var/bootstrap.php.cache' for inclusion (include_path='.:/usr/share/php:/usr/share/pear') in /home/ubuntu/workspace/web/app.php on line 7
[12-Feb-2018 15:08:16 UTC] PHP Stack trace:
[12-Feb-2018 15:08:16 UTC] PHP   1. {main}() /home/ubuntu/workspace/web/app.php:0
[12-Feb-2018 15:08:20 UTC] PHP Warning:  include_once(/home/ubuntu/workspace/web/../var/bootstrap.php.cache): failed to open stream: No such file or directory in /home/ubuntu/workspace/web/app.php on line 7
[12-Feb-2018 15:08:21 UTC] PHP Stack trace:
[12-Feb-2018 15:08:21 UTC] PHP   1. {main}() /home/ubuntu/workspace/web/app.php:0
[12-Feb-2018 15:08:21 UTC] PHP Warning:  include_once(): Failed opening '/home/ubuntu/workspace/web/../var/bootstrap.php.cache' for inclusion (include_path='.:/usr/share/php:/usr/share/pear') in /home/ubuntu/workspace/web/app.php on line 7
[12-Feb-2018 15:08:21 UTC] PHP Stack trace:
[12-Feb-2018 15:08:21 UTC] PHP   1. {main}() /home/ubuntu/workspace/web/app.php:0
[12-Feb-2018 15:08:21 UTC] PHP Warning:  include_once(/home/ubuntu/workspace/web/../var/bootstrap.php.cache): failed to open stream: No such file or directory in /home/ubuntu/workspace/web/app.php on line 7
[12-Feb-2018 15:08:21 UTC] PHP Stack trace:
[12-Feb-2018 15:08:21 UTC] PHP   1. {main}() /home/ubuntu/workspace/web/app.php:0
[12-Feb-2018 15:08:21 UTC] PHP Warning:  include_once(): Failed opening '/home/ubuntu/workspace/web/../var/bootstrap.php.cache' for inclusion (include_path='.:/usr/share/php:/usr/share/pear') in /home/ubuntu/workspace/web/app.php on line 7
[12-Feb-2018 15:08:21 UTC] PHP Stack trace:
[12-Feb-2018 15:08:21 UTC] PHP   1. {main}() /home/ubuntu/workspace/web/app.php:0
[12-Feb-2018 15:08:21 UTC] PHP Warning:  include_once(/home/ubuntu/workspace/web/../var/bootstrap.php.cache): failed to open stream: No such file or directory in /home/ubuntu/workspace/web/app.php on line 7
[12-Feb-2018 15:08:21 UTC] PHP Stack trace:
[12-Feb-2018 15:08:21 UTC] PHP   1. {main}() /home/ubuntu/workspace/web/app.php:0
[12-Feb-2018 15:08:21 UTC] PHP Warning:  include_once(): Failed opening '/home/ubuntu/workspace/web/../var/bootstrap.php.cache' for inclusion (include_path='.:/usr/share/php:/usr/share/pear') in /home/ubuntu/workspace/web/app.php on line 7
[12-Feb-2018 15:08:21 UTC] PHP Stack trace:
[12-Feb-2018 15:08:21 UTC] PHP   1. {main}() /home/ubuntu/workspace/web/app.php:0
[12-Feb-2018 15:08:21 UTC] PHP Warning:  include_once(/home/ubuntu/workspace/web/../var/bootstrap.php.cache): failed to open stream: No such file or directory in /home/ubuntu/workspace/web/app.php on line 7
[12-Feb-2018 15:08:21 UTC] PHP Stack trace:
[12-Feb-2018 15:08:21 UTC] PHP   1. {main}() /home/ubuntu/workspace/web/app.php:0
[12-Feb-2018 15:08:21 UTC] PHP Warning:  include_once(): Failed opening '/home/ubuntu/workspace/web/../var/bootstrap.php.cache' for inclusion (include_path='.:/usr/share/php:/usr/share/pear') in /home/ubuntu/workspace/web/app.php on line 7
[12-Feb-2018 15:08:21 UTC] PHP Stack trace:
[12-Feb-2018 15:08:21 UTC] PHP   1. {main}() /home/ubuntu/workspace/web/app.php:0
[12-Feb-2018 15:08:21 UTC] PHP Warning:  include_once(/home/ubuntu/workspace/web/../var/bootstrap.php.cache): failed to open stream: No such file or directory in /home/ubuntu/workspace/web/app.php on line 7
[12-Feb-2018 15:08:21 UTC] PHP Stack trace:
[12-Feb-2018 15:08:21 UTC] PHP   1. {main}() /home/ubuntu/workspace/web/app.php:0
[12-Feb-2018 15:08:21 UTC] PHP Warning:  include_once(): Failed opening '/home/ubuntu/workspace/web/../var/bootstrap.php.cache' for inclusion (include_path='.:/usr/share/php:/usr/share/pear') in /home/ubuntu/workspace/web/app.php on line 7
[12-Feb-2018 15:08:21 UTC] PHP Stack trace:
[12-Feb-2018 15:08:21 UTC] PHP   1. {main}() /home/ubuntu/workspace/web/app.php:0
[12-Feb-2018 15:08:21 UTC] PHP Warning:  include_once(/home/ubuntu/workspace/web/../var/bootstrap.php.cache): failed to open stream: No such file or directory in /home/ubuntu/workspace/web/app.php on line 7
[12-Feb-2018 15:08:21 UTC] PHP Stack trace:
[12-Feb-2018 15:08:21 UTC] PHP   1. {main}() /home/ubuntu/workspace/web/app.php:0
[12-Feb-2018 15:08:21 UTC] PHP Warning:  include_once(): Failed opening '/home/ubuntu/workspace/web/../var/bootstrap.php.cache' for inclusion (include_path='.:/usr/share/php:/usr/share/pear') in /home/ubuntu/workspace/web/app.php on line 7
[12-Feb-2018 15:08:21 UTC] PHP Stack trace:
[12-Feb-2018 15:08:21 UTC] PHP   1. {main}() /home/ubuntu/workspace/web/app.php:0
[12-Feb-2018 15:08:21 UTC] PHP Warning:  include_once(/home/ubuntu/workspace/web/../var/bootstrap.php.cache): failed to open stream: No such file or directory in /home/ubuntu/workspace/web/app.php on line 7
[12-Feb-2018 15:08:21 UTC] PHP Stack trace:
[12-Feb-2018 15:08:21 UTC] PHP   1. {main}() /home/ubuntu/workspace/web/app.php:0
[12-Feb-2018 15:08:21 UTC] PHP Warning:  include_once(): Failed opening '/home/ubuntu/workspace/web/../var/bootstrap.php.cache' for inclusion (include_path='.:/usr/share/php:/usr/share/pear') in /home/ubuntu/workspace/web/app.php on line 7
[12-Feb-2018 15:08:21 UTC] PHP Stack trace:
[12-Feb-2018 15:08:21 UTC] PHP   1. {main}() /home/ubuntu/workspace/web/app.php:0
[12-Feb-2018 15:08:21 UTC] PHP Warning:  include_once(/home/ubuntu/workspace/web/../var/bootstrap.php.cache): failed to open stream: No such file or directory in /home/ubuntu/workspace/web/app.php on line 7
[12-Feb-2018 15:08:21 UTC] PHP Stack trace:
[12-Feb-2018 15:08:21 UTC] PHP   1. {main}() /home/ubuntu/workspace/web/app.php:0
[12-Feb-2018 15:08:21 UTC] PHP Warning:  include_once(): Failed opening '/home/ubuntu/workspace/web/../var/bootstrap.php.cache' for inclusion (include_path='.:/usr/share/php:/usr/share/pear') in /home/ubuntu/workspace/web/app.php on line 7
[12-Feb-2018 15:08:21 UTC] PHP Stack trace:
[12-Feb-2018 15:08:21 UTC] PHP   1. {main}() /home/ubuntu/workspace/web/app.php:0
[12-Feb-2018 15:08:21 UTC] PHP Warning:  include_once(/home/ubuntu/workspace/web/../var/bootstrap.php.cache): failed to open stream: No such file or directory in /home/ubuntu/workspace/web/app.php on line 7
[12-Feb-2018 15:08:21 UTC] PHP Warning:  include_once(/home/ubuntu/workspace/web/../var/bootstrap.php.cache): failed to open stream: No such file or directory in /home/ubuntu/workspace/web/app.php on line 7
[12-Feb-2018 15:08:21 UTC] PHP Warning:  include_once(/home/ubuntu/workspace/web/../var/bootstrap.php.cache): failed to open stream: No such file or directory in /home/ubuntu/workspace/web/app.php on line 7
[12-Feb-2018 15:08:21 UTC] PHP Stack trace:
[12-Feb-2018 15:08:21 UTC] PHP Stack trace:
[12-Feb-2018 15:08:21 UTC] PHP   1. {main}() /home/ubuntu/workspace/web/app.php:0
[12-Feb-2018 15:08:21 UTC] PHP Stack trace:
[12-Feb-2018 15:08:21 UTC] PHP   1. {main}() /home/ubuntu/workspace/web/app.php:0
[12-Feb-2018 15:08:21 UTC] PHP   1. {main}() /home/ubuntu/workspace/web/app.php:0
[12-Feb-2018 15:08:21 UTC] PHP Warning:  include_once(): Failed opening '/home/ubuntu/workspace/web/../var/bootstrap.php.cache' for inclusion (include_path='.:/usr/share/php:/usr/share/pear') in /home/ubuntu/workspace/web/app.php on line 7
[12-Feb-2018 15:08:21 UTC] PHP Warning:  include_once(): Failed opening '/home/ubuntu/workspace/web/../var/bootstrap.php.cache' for inclusion (include_path='.:/usr/share/php:/usr/share/pear') in /home/ubuntu/workspace/web/app.php on line 7
[12-Feb-2018 15:08:21 UTC] PHP Stack trace:
[12-Feb-2018 15:08:21 UTC] PHP Warning:  include_once(): Failed opening '/home/ubuntu/workspace/web/../var/bootstrap.php.cache' for inclusion (include_path='.:/usr/share/php:/usr/share/pear') in /home/ubuntu/workspace/web/app.php on line 7
[12-Feb-2018 15:08:21 UTC] PHP   1. {main}() /home/ubuntu/workspace/web/app.php:0
[12-Feb-2018 15:08:21 UTC] PHP Stack trace:
[12-Feb-2018 15:08:21 UTC] PHP Stack trace:
[12-Feb-2018 15:08:21 UTC] PHP   1. {main}() /home/ubuntu/workspace/web/app.php:0
[12-Feb-2018 15:08:21 UTC] PHP   1. {main}() /home/ubuntu/workspace/web/app.php:0
[12-Feb-2018 15:08:21 UTC] PHP Warning:  include_once(/home/ubuntu/workspace/web/../var/bootstrap.php.cache): failed to open stream: No such file or directory in /home/ubuntu/workspace/web/app.php on line 7
[12-Feb-2018 15:08:21 UTC] PHP Stack trace:
[12-Feb-2018 15:08:21 UTC] PHP   1. {main}() /home/ubuntu/workspace/web/app.php:0
[12-Feb-2018 15:08:21 UTC] PHP Warning:  include_once(): Failed opening '/home/ubuntu/workspace/web/../var/bootstrap.php.cache' for inclusion (include_path='.:/usr/share/php:/usr/share/pear') in /home/ubuntu/workspace/web/app.php on line 7
[12-Feb-2018 15:08:21 UTC] PHP Stack trace:
[12-Feb-2018 15:08:21 UTC] PHP   1. {main}() /home/ubuntu/workspace/web/app.php:0
[12-Feb-2018 15:08:21 UTC] PHP Warning:  include_once(/home/ubuntu/workspace/web/../var/bootstrap.php.cache): failed to open stream: No such file or directory in /home/ubuntu/workspace/web/app.php on line 7
[12-Feb-2018 15:08:21 UTC] PHP Stack trace:
[12-Feb-2018 15:08:21 UTC] PHP   1. {main}() /home/ubuntu/workspace/web/app.php:0
[12-Feb-2018 15:08:21 UTC] PHP Warning:  include_once(): Failed opening '/home/ubuntu/workspace/web/../var/bootstrap.php.cache' for inclusion (include_path='.:/usr/share/php:/usr/share/pear') in /home/ubuntu/workspace/web/app.php on line 7
[12-Feb-2018 15:08:21 UTC] PHP Stack trace:
[12-Feb-2018 15:08:21 UTC] PHP   1. {main}() /home/ubuntu/workspace/web/app.php:0
[12-Feb-2018 15:08:21 UTC] PHP Warning:  include_once(/home/ubuntu/workspace/web/../var/bootstrap.php.cache): failed to open stream: No such file or directory in /home/ubuntu/workspace/web/app.php on line 7
[12-Feb-2018 15:08:21 UTC] PHP Stack trace:
[12-Feb-2018 15:08:21 UTC] PHP   1. {main}() /home/ubuntu/workspace/web/app.php:0
[12-Feb-2018 15:08:21 UTC] PHP Warning:  include_once(): Failed opening '/home/ubuntu/workspace/web/../var/bootstrap.php.cache' for inclusion (include_path='.:/usr/share/php:/usr/share/pear') in /home/ubuntu/workspace/web/app.php on line 7
[12-Feb-2018 15:08:21 UTC] PHP Stack trace:
[12-Feb-2018 15:08:21 UTC] PHP   1. {main}() /home/ubuntu/workspace/web/app.php:0
[12-Feb-2018 15:08:21 UTC] PHP Warning:  include_once(/home/ubuntu/workspace/web/../var/bootstrap.php.cache): failed to open stream: No such file or directory in /home/ubuntu/workspace/web/app.php on line 7
[12-Feb-2018 15:08:21 UTC] PHP Stack trace:
[12-Feb-2018 15:08:21 UTC] PHP   1. {main}() /home/ubuntu/workspace/web/app.php:0
[12-Feb-2018 15:08:21 UTC] PHP Warning:  include_once(): Failed opening '/home/ubuntu/workspace/web/../var/bootstrap.php.cache' for inclusion (include_path='.:/usr/share/php:/usr/share/pear') in /home/ubuntu/workspace/web/app.php on line 7
[12-Feb-2018 15:08:21 UTC] PHP Stack trace:
[12-Feb-2018 15:08:21 UTC] PHP   1. {main}() /home/ubuntu/workspace/web/app.php:0
[12-Feb-2018 15:13:03 UTC] PHP Warning:  include_once(/home/ubuntu/workspace/web/../var/bootstrap.php.cache): failed to open stream: No such file or directory in /home/ubuntu/workspace/web/app.php on line 7
[12-Feb-2018 15:13:03 UTC] PHP Stack trace:
[12-Feb-2018 15:13:03 UTC] PHP   1. {main}() /home/ubuntu/workspace/web/app.php:0
[12-Feb-2018 15:13:03 UTC] PHP Warning:  include_once(): Failed opening '/home/ubuntu/workspace/web/../var/bootstrap.php.cache' for inclusion (include_path='.:/usr/share/php:/usr/share/pear') in /home/ubuntu/workspace/web/app.php on line 7
[12-Feb-2018 15:13:03 UTC] PHP Stack trace:
[12-Feb-2018 15:13:03 UTC] PHP   1. {main}() /home/ubuntu/workspace/web/app.php:0
[12-Feb-2018 15:13:03 UTC] PHP Warning:  include_once(/home/ubuntu/workspace/web/../var/bootstrap.php.cache): failed to open stream: No such file or directory in /home/ubuntu/workspace/web/app.php on line 7
[12-Feb-2018 15:13:03 UTC] PHP Stack trace:
[12-Feb-2018 15:13:03 UTC] PHP   1. {main}() /home/ubuntu/workspace/web/app.php:0
[12-Feb-2018 15:13:03 UTC] PHP Warning:  include_once(): Failed opening '/home/ubuntu/workspace/web/../var/bootstrap.php.cache' for inclusion (include_path='.:/usr/share/php:/usr/share/pear') in /home/ubuntu/workspace/web/app.php on line 7
[12-Feb-2018 15:13:03 UTC] PHP Stack trace:
[12-Feb-2018 15:13:03 UTC] PHP   1. {main}() /home/ubuntu/workspace/web/app.php:0
[12-Feb-2018 15:13:03 UTC] PHP Warning:  include_once(/home/ubuntu/workspace/web/../var/bootstrap.php.cache): failed to open stream: No such file or directory in /home/ubuntu/workspace/web/app.php on line 7
[12-Feb-2018 15:13:03 UTC] PHP Stack trace:
[12-Feb-2018 15:13:03 UTC] PHP   1. {main}() /home/ubuntu/workspace/web/app.php:0
[12-Feb-2018 15:13:03 UTC] PHP Warning:  include_once(): Failed opening '/home/ubuntu/workspace/web/../var/bootstrap.php.cache' for inclusion (include_path='.:/usr/share/php:/usr/share/pear') in /home/ubuntu/workspace/web/app.php on line 7
[12-Feb-2018 15:13:03 UTC] PHP Stack trace:
[12-Feb-2018 15:13:03 UTC] PHP   1. {main}() /home/ubuntu/workspace/web/app.php:0
[12-Feb-2018 15:13:03 UTC] PHP Warning:  include_once(/home/ubuntu/workspace/web/../var/bootstrap.php.cache): failed to open stream: No such file or directory in /home/ubuntu/workspace/web/app.php on line 7
[12-Feb-2018 15:13:03 UTC] PHP Stack trace:
[12-Feb-2018 15:13:03 UTC] PHP   1. {main}() /home/ubuntu/workspace/web/app.php:0
[12-Feb-2018 15:13:03 UTC] PHP Warning:  include_once(): Failed opening '/home/ubuntu/workspace/web/../var/bootstrap.php.cache' for inclusion (include_path='.:/usr/share/php:/usr/share/pear') in /home/ubuntu/workspace/web/app.php on line 7
[12-Feb-2018 15:13:03 UTC] PHP Stack trace:
[12-Feb-2018 15:13:03 UTC] PHP   1. {main}() /home/ubuntu/workspace/web/app.php:0
[12-Feb-2018 15:13:03 UTC] PHP Warning:  include_once(/home/ubuntu/workspace/web/../var/bootstrap.php.cache): failed to open stream: No such file or directory in /home/ubuntu/workspace/web/app.php on line 7
[12-Feb-2018 15:13:03 UTC] PHP Warning:  include_once(/home/ubuntu/workspace/web/../var/bootstrap.php.cache): failed to open stream: No such file or directory in /home/ubuntu/workspace/web/app.php on line 7
[12-Feb-2018 15:13:03 UTC] PHP Stack trace:
[12-Feb-2018 15:13:03 UTC] PHP Stack trace:
[12-Feb-2018 15:13:03 UTC] PHP   1. {main}() /home/ubuntu/workspace/web/app.php:0
[12-Feb-2018 15:13:03 UTC] PHP   1. {main}() /home/ubuntu/workspace/web/app.php:0
[12-Feb-2018 15:13:03 UTC] PHP Warning:  include_once(): Failed opening '/home/ubuntu/workspace/web/../var/bootstrap.php.cache' for inclusion (include_path='.:/usr/share/php:/usr/share/pear') in /home/ubuntu/workspace/web/app.php on line 7
[12-Feb-2018 15:13:03 UTC] PHP Stack trace:
[12-Feb-2018 15:13:03 UTC] PHP Warning:  include_once(): Failed opening '/home/ubuntu/workspace/web/../var/bootstrap.php.cache' for inclusion (include_path='.:/usr/share/php:/usr/share/pear') in /home/ubuntu/workspace/web/app.php on line 7
[12-Feb-2018 15:13:03 UTC] PHP   1. {main}() /home/ubuntu/workspace/web/app.php:0
[12-Feb-2018 15:13:03 UTC] PHP Stack trace:
[12-Feb-2018 15:13:03 UTC] PHP   1. {main}() /home/ubuntu/workspace/web/app.php:0
[12-Feb-2018 15:13:03 UTC] PHP Warning:  include_once(/home/ubuntu/workspace/web/../var/bootstrap.php.cache): failed to open stream: No such file or directory in /home/ubuntu/workspace/web/app.php on line 7
[12-Feb-2018 15:13:03 UTC] PHP Stack trace:
[12-Feb-2018 15:13:03 UTC] PHP   1. {main}() /home/ubuntu/workspace/web/app.php:0
[12-Feb-2018 15:13:03 UTC] PHP Warning:  include_once(): Failed opening '/home/ubuntu/workspace/web/../var/bootstrap.php.cache' for inclusion (include_path='.:/usr/share/php:/usr/share/pear') in /home/ubuntu/workspace/web/app.php on line 7
[12-Feb-2018 15:13:03 UTC] PHP Stack trace:
[12-Feb-2018 15:13:03 UTC] PHP   1. {main}() /home/ubuntu/workspace/web/app.php:0
[12-Feb-2018 15:13:03 UTC] PHP Warning:  include_once(/home/ubuntu/workspace/web/../var/bootstrap.php.cache): failed to open stream: No such file or directory in /home/ubuntu/workspace/web/app.php on line 7
[12-Feb-2018 15:13:03 UTC] PHP Stack trace:
[12-Feb-2018 15:13:03 UTC] PHP   1. {main}() /home/ubuntu/workspace/web/app.php:0
[12-Feb-2018 15:13:03 UTC] PHP Warning:  include_once(): Failed opening '/home/ubuntu/workspace/web/../var/bootstrap.php.cache' for inclusion (include_path='.:/usr/share/php:/usr/share/pear') in /home/ubuntu/workspace/web/app.php on line 7
[12-Feb-2018 15:13:03 UTC] PHP Stack trace:
[12-Feb-2018 15:13:03 UTC] PHP   1. {main}() /home/ubuntu/workspace/web/app.php:0
[12-Feb-2018 15:13:03 UTC] PHP Warning:  include_once(/home/ubuntu/workspace/web/../var/bootstrap.php.cache): failed to open stream: No such file or directory in /home/ubuntu/workspace/web/app.php on line 7
[12-Feb-2018 15:13:03 UTC] PHP Stack trace:
[12-Feb-2018 15:13:03 UTC] PHP   1. {main}() /home/ubuntu/workspace/web/app.php:0
[12-Feb-2018 15:13:03 UTC] PHP Warning:  include_once(): Failed opening '/home/ubuntu/workspace/web/../var/bootstrap.php.cache' for inclusion (include_path='.:/usr/share/php:/usr/share/pear') in /home/ubuntu/workspace/web/app.php on line 7
[12-Feb-2018 15:13:03 UTC] PHP Stack trace:
[12-Feb-2018 15:13:03 UTC] PHP   1. {main}() /home/ubuntu/workspace/web/app.php:0
[12-Feb-2018 15:13:03 UTC] PHP Warning:  include_once(/home/ubuntu/workspace/web/../var/bootstrap.php.cache): failed to open stream: No such file or directory in /home/ubuntu/workspace/web/app.php on line 7
[12-Feb-2018 15:13:03 UTC] PHP Stack trace:
[12-Feb-2018 15:13:03 UTC] PHP   1. {main}() /home/ubuntu/workspace/web/app.php:0
[12-Feb-2018 15:13:03 UTC] PHP Warning:  include_once(): Failed opening '/home/ubuntu/workspace/web/../var/bootstrap.php.cache' for inclusion (include_path='.:/usr/share/php:/usr/share/pear') in /home/ubuntu/workspace/web/app.php on line 7
[12-Feb-2018 15:13:03 UTC] PHP Stack trace:
[12-Feb-2018 15:13:03 UTC] PHP   1. {main}() /home/ubuntu/workspace/web/app.php:0
[12-Feb-2018 15:13:03 UTC] PHP Warning:  include_once(/home/ubuntu/workspace/web/../var/bootstrap.php.cache): failed to open stream: No such file or directory in /home/ubuntu/workspace/web/app.php on line 7
[12-Feb-2018 15:13:03 UTC] PHP Stack trace:
[12-Feb-2018 15:13:03 UTC] PHP   1. {main}() /home/ubuntu/workspace/web/app.php:0
[12-Feb-2018 15:13:03 UTC] PHP Warning:  include_once(): Failed opening '/home/ubuntu/workspace/web/../var/bootstrap.php.cache' for inclusion (include_path='.:/usr/share/php:/usr/share/pear') in /home/ubuntu/workspace/web/app.php on line 7
[12-Feb-2018 15:13:03 UTC] PHP Stack trace:
[12-Feb-2018 15:13:03 UTC] PHP   1. {main}() /home/ubuntu/workspace/web/app.php:0
[12-Feb-2018 15:13:03 UTC] PHP Warning:  include_once(/home/ubuntu/workspace/web/../var/bootstrap.php.cache): failed to open stream: No such file or directory in /home/ubuntu/workspace/web/app.php on line 7
[12-Feb-2018 15:13:03 UTC] PHP Stack trace:
[12-Feb-2018 15:13:03 UTC] PHP   1. {main}() /home/ubuntu/workspace/web/app.php:0
[12-Feb-2018 15:13:03 UTC] PHP Warning:  include_once(): Failed opening '/home/ubuntu/workspace/web/../var/bootstrap.php.cache' for inclusion (include_path='.:/usr/share/php:/usr/share/pear') in /home/ubuntu/workspace/web/app.php on line 7
[12-Feb-2018 15:13:03 UTC] PHP Stack trace:
[12-Feb-2018 15:13:03 UTC] PHP   1. {main}() /home/ubuntu/workspace/web/app.php:0
[12-Feb-2018 15:13:03 UTC] PHP Warning:  include_once(/home/ubuntu/workspace/web/../var/bootstrap.php.cache): failed to open stream: No such file or directory in /home/ubuntu/workspace/web/app.php on line 7
[12-Feb-2018 15:13:03 UTC] PHP Stack trace:
[12-Feb-2018 15:13:03 UTC] PHP   1. {main}() /home/ubuntu/workspace/web/app.php:0
[12-Feb-2018 15:13:03 UTC] PHP Warning:  include_once(): Failed opening '/home/ubuntu/workspace/web/../var/bootstrap.php.cache' for inclusion (include_path='.:/usr/share/php:/usr/share/pear') in /home/ubuntu/workspace/web/app.php on line 7
[12-Feb-2018 15:13:03 UTC] PHP Stack trace:
[12-Feb-2018 15:13:03 UTC] PHP   1. {main}() /home/ubuntu/workspace/web/app.php:0
[12-Feb-2018 15:13:03 UTC] PHP Warning:  include_once(/home/ubuntu/workspace/web/../var/bootstrap.php.cache): failed to open stream: No such file or directory in /home/ubuntu/workspace/web/app.php on line 7
[12-Feb-2018 15:13:03 UTC] PHP Stack trace:
[12-Feb-2018 15:13:03 UTC] PHP   1. {main}() /home/ubuntu/workspace/web/app.php:0
[12-Feb-2018 15:13:03 UTC] PHP Warning:  include_once(): Failed opening '/home/ubuntu/workspace/web/../var/bootstrap.php.cache' for inclusion (include_path='.:/usr/share/php:/usr/share/pear') in /home/ubuntu/workspace/web/app.php on line 7
[12-Feb-2018 15:13:03 UTC] PHP Stack trace:
[12-Feb-2018 15:13:03 UTC] PHP   1. {main}() /home/ubuntu/workspace/web/app.php:0
[12-Feb-2018 15:13:04 UTC] PHP Warning:  include_once(/home/ubuntu/workspace/web/../var/bootstrap.php.cache): failed to open stream: No such file or directory in /home/ubuntu/workspace/web/app.php on line 7
[12-Feb-2018 15:13:04 UTC] PHP Stack trace:
[12-Feb-2018 15:13:04 UTC] PHP   1. {main}() /home/ubuntu/workspace/web/app.php:0
[12-Feb-2018 15:13:04 UTC] PHP Warning:  include_once(): Failed opening '/home/ubuntu/workspace/web/../var/bootstrap.php.cache' for inclusion (include_path='.:/usr/share/php:/usr/share/pear') in /home/ubuntu/workspace/web/app.php on line 7
[12-Feb-2018 15:13:04 UTC] PHP Stack trace:
[12-Feb-2018 15:13:04 UTC] PHP   1. {main}() /home/ubuntu/workspace/web/app.php:0
[12-Feb-2018 15:15:04 UTC] PHP Warning:  include_once(/home/ubuntu/workspace/web/../var/bootstrap.php.cache): failed to open stream: No such file or directory in /home/ubuntu/workspace/web/app.php on line 7
[12-Feb-2018 15:15:04 UTC] PHP Stack trace:
[12-Feb-2018 15:15:04 UTC] PHP   1. {main}() /home/ubuntu/workspace/web/app.php:0
[12-Feb-2018 15:15:04 UTC] PHP Warning:  include_once(): Failed opening '/home/ubuntu/workspace/web/../var/bootstrap.php.cache' for inclusion (include_path='.:/usr/share/php:/usr/share/pear') in /home/ubuntu/workspace/web/app.php on line 7
[12-Feb-2018 15:15:04 UTC] PHP Stack trace:
[12-Feb-2018 15:15:04 UTC] PHP   1. {main}() /home/ubuntu/workspace/web/app.php:0
[12-Feb-2018 15:15:04 UTC] PHP Warning:  include_once(/home/ubuntu/workspace/web/../var/bootstrap.php.cache): failed to open stream: No such file or directory in /home/ubuntu/workspace/web/app.php on line 7
[12-Feb-2018 15:15:04 UTC] PHP Stack trace:
[12-Feb-2018 15:15:04 UTC] PHP   1. {main}() /home/ubuntu/workspace/web/app.php:0
[12-Feb-2018 15:15:04 UTC] PHP Warning:  include_once(): Failed opening '/home/ubuntu/workspace/web/../var/bootstrap.php.cache' for inclusion (include_path='.:/usr/share/php:/usr/share/pear') in /home/ubuntu/workspace/web/app.php on line 7
[12-Feb-2018 15:15:04 UTC] PHP Stack trace:
[12-Feb-2018 15:15:04 UTC] PHP   1. {main}() /home/ubuntu/workspace/web/app.php:0
[12-Feb-2018 15:15:05 UTC] PHP Warning:  include_once(/home/ubuntu/workspace/web/../var/bootstrap.php.cache): failed to open stream: No such file or directory in /home/ubuntu/workspace/web/app.php on line 7
[12-Feb-2018 15:15:05 UTC] PHP Warning:  include_once(/home/ubuntu/workspace/web/../var/bootstrap.php.cache): failed to open stream: No such file or directory in /home/ubuntu/workspace/web/app.php on line 7
[12-Feb-2018 15:15:05 UTC] PHP Stack trace:
[12-Feb-2018 15:15:05 UTC] PHP Stack trace:
[12-Feb-2018 15:15:05 UTC] PHP   1. {main}() /home/ubuntu/workspace/web/app.php:0
[12-Feb-2018 15:15:05 UTC] PHP   1. {main}() /home/ubuntu/workspace/web/app.php:0
[12-Feb-2018 15:15:05 UTC] PHP Warning:  include_once(): Failed opening '/home/ubuntu/workspace/web/../var/bootstrap.php.cache' for inclusion (include_path='.:/usr/share/php:/usr/share/pear') in /home/ubuntu/workspace/web/app.php on line 7
[12-Feb-2018 15:15:05 UTC] PHP Warning:  include_once(): Failed opening '/home/ubuntu/workspace/web/../var/bootstrap.php.cache' for inclusion (include_path='.:/usr/share/php:/usr/share/pear') in /home/ubuntu/workspace/web/app.php on line 7
[12-Feb-2018 15:15:05 UTC] PHP Stack trace:
[12-Feb-2018 15:15:05 UTC] PHP Stack trace:
[12-Feb-2018 15:15:05 UTC] PHP   1. {main}() /home/ubuntu/workspace/web/app.php:0
[12-Feb-2018 15:15:05 UTC] PHP   1. {main}() /home/ubuntu/workspace/web/app.php:0
[12-Feb-2018 15:15:05 UTC] PHP Warning:  include_once(/home/ubuntu/workspace/web/../var/bootstrap.php.cache): failed to open stream: No such file or directory in /home/ubuntu/workspace/web/app.php on line 7
[12-Feb-2018 15:15:05 UTC] PHP Stack trace:
[12-Feb-2018 15:15:05 UTC] PHP   1. {main}() /home/ubuntu/workspace/web/app.php:0
[12-Feb-2018 15:15:05 UTC] PHP Warning:  include_once(): Failed opening '/home/ubuntu/workspace/web/../var/bootstrap.php.cache' for inclusion (include_path='.:/usr/share/php:/usr/share/pear') in /home/ubuntu/workspace/web/app.php on line 7
[12-Feb-2018 15:15:05 UTC] PHP Stack trace:
[12-Feb-2018 15:15:05 UTC] PHP   1. {main}() /home/ubuntu/workspace/web/app.php:0
[12-Feb-2018 15:15:05 UTC] PHP Warning:  include_once(/home/ubuntu/workspace/web/../var/bootstrap.php.cache): failed to open stream: No such file or directory in /home/ubuntu/workspace/web/app.php on line 7
[12-Feb-2018 15:15:05 UTC] PHP Stack trace:
[12-Feb-2018 15:15:05 UTC] PHP   1. {main}() /home/ubuntu/workspace/web/app.php:0
[12-Feb-2018 15:15:05 UTC] PHP Warning:  include_once(): Failed opening '/home/ubuntu/workspace/web/../var/bootstrap.php.cache' for inclusion (include_path='.:/usr/share/php:/usr/share/pear') in /home/ubuntu/workspace/web/app.php on line 7
[12-Feb-2018 15:15:05 UTC] PHP Stack trace:
[12-Feb-2018 15:15:05 UTC] PHP   1. {main}() /home/ubuntu/workspace/web/app.php:0
[12-Feb-2018 15:15:05 UTC] PHP Warning:  include_once(/home/ubuntu/workspace/web/../var/bootstrap.php.cache): failed to open stream: No such file or directory in /home/ubuntu/workspace/web/app.php on line 7
[12-Feb-2018 15:15:05 UTC] PHP Stack trace:
[12-Feb-2018 15:15:05 UTC] PHP   1. {main}() /home/ubuntu/workspace/web/app.php:0
[12-Feb-2018 15:15:05 UTC] PHP Warning:  include_once(): Failed opening '/home/ubuntu/workspace/web/../var/bootstrap.php.cache' for inclusion (include_path='.:/usr/share/php:/usr/share/pear') in /home/ubuntu/workspace/web/app.php on line 7
[12-Feb-2018 15:15:05 UTC] PHP Stack trace:
[12-Feb-2018 15:15:05 UTC] PHP   1. {main}() /home/ubuntu/workspace/web/app.php:0
[12-Feb-2018 15:15:05 UTC] PHP Warning:  include_once(/home/ubuntu/workspace/web/../var/bootstrap.php.cache): failed to open stream: No such file or directory in /home/ubuntu/workspace/web/app.php on line 7
[12-Feb-2018 15:15:05 UTC] PHP Stack trace:
[12-Feb-2018 15:15:05 UTC] PHP   1. {main}() /home/ubuntu/workspace/web/app.php:0
[12-Feb-2018 15:15:05 UTC] PHP Warning:  include_once(): Failed opening '/home/ubuntu/workspace/web/../var/bootstrap.php.cache' for inclusion (include_path='.:/usr/share/php:/usr/share/pear') in /home/ubuntu/workspace/web/app.php on line 7
[12-Feb-2018 15:15:05 UTC] PHP Stack trace:
[12-Feb-2018 15:15:05 UTC] PHP   1. {main}() /home/ubuntu/workspace/web/app.php:0
[12-Feb-2018 15:15:05 UTC] PHP Warning:  include_once(/home/ubuntu/workspace/web/../var/bootstrap.php.cache): failed to open stream: No such file or directory in /home/ubuntu/workspace/web/app.php on line 7
[12-Feb-2018 15:15:05 UTC] PHP Stack trace:
[12-Feb-2018 15:15:05 UTC] PHP   1. {main}() /home/ubuntu/workspace/web/app.php:0
[12-Feb-2018 15:15:05 UTC] PHP Warning:  include_once(): Failed opening '/home/ubuntu/workspace/web/../var/bootstrap.php.cache' for inclusion (include_path='.:/usr/share/php:/usr/share/pear') in /home/ubuntu/workspace/web/app.php on line 7
[12-Feb-2018 15:15:05 UTC] PHP Stack trace:
[12-Feb-2018 15:15:05 UTC] PHP   1. {main}() /home/ubuntu/workspace/web/app.php:0
[12-Feb-2018 15:15:05 UTC] PHP Warning:  include_once(/home/ubuntu/workspace/web/../var/bootstrap.php.cache): failed to open stream: No such file or directory in /home/ubuntu/workspace/web/app.php on line 7
[12-Feb-2018 15:15:05 UTC] PHP Stack trace:
[12-Feb-2018 15:15:05 UTC] PHP   1. {main}() /home/ubuntu/workspace/web/app.php:0
[12-Feb-2018 15:15:05 UTC] PHP Warning:  include_once(): Failed opening '/home/ubuntu/workspace/web/../var/bootstrap.php.cache' for inclusion (include_path='.:/usr/share/php:/usr/share/pear') in /home/ubuntu/workspace/web/app.php on line 7
[12-Feb-2018 15:15:05 UTC] PHP Stack trace:
[12-Feb-2018 15:15:05 UTC] PHP   1. {main}() /home/ubuntu/workspace/web/app.php:0
[12-Feb-2018 15:15:05 UTC] PHP Warning:  include_once(/home/ubuntu/workspace/web/../var/bootstrap.php.cache): failed to open stream: No such file or directory in /home/ubuntu/workspace/web/app.php on line 7
[12-Feb-2018 15:15:05 UTC] PHP Stack trace:
[12-Feb-2018 15:15:05 UTC] PHP   1. {main}() /home/ubuntu/workspace/web/app.php:0
[12-Feb-2018 15:15:05 UTC] PHP Warning:  include_once(/home/ubuntu/workspace/web/../var/bootstrap.php.cache): failed to open stream: No such file or directory in /home/ubuntu/workspace/web/app.php on line 7
[12-Feb-2018 15:15:05 UTC] PHP Warning:  include_once(): Failed opening '/home/ubuntu/workspace/web/../var/bootstrap.php.cache' for inclusion (include_path='.:/usr/share/php:/usr/share/pear') in /home/ubuntu/workspace/web/app.php on line 7
[12-Feb-2018 15:15:05 UTC] PHP Stack trace:
[12-Feb-2018 15:15:05 UTC] PHP Stack trace:
[12-Feb-2018 15:15:05 UTC] PHP   1. {main}() /home/ubuntu/workspace/web/app.php:0
[12-Feb-2018 15:15:05 UTC] PHP   1. {main}() /home/ubuntu/workspace/web/app.php:0
[12-Feb-2018 15:15:05 UTC] PHP Warning:  include_once(): Failed opening '/home/ubuntu/workspace/web/../var/bootstrap.php.cache' for inclusion (include_path='.:/usr/share/php:/usr/share/pear') in /home/ubuntu/workspace/web/app.php on line 7
[12-Feb-2018 15:15:05 UTC] PHP Stack trace:
[12-Feb-2018 15:15:05 UTC] PHP   1. {main}() /home/ubuntu/workspace/web/app.php:0
[12-Feb-2018 15:15:05 UTC] PHP Warning:  include_once(/home/ubuntu/workspace/web/../var/bootstrap.php.cache): failed to open stream: No such file or directory in /home/ubuntu/workspace/web/app.php on line 7
[12-Feb-2018 15:15:05 UTC] PHP Stack trace:
[12-Feb-2018 15:15:05 UTC] PHP   1. {main}() /home/ubuntu/workspace/web/app.php:0
[12-Feb-2018 15:15:05 UTC] PHP Warning:  include_once(): Failed opening '/home/ubuntu/workspace/web/../var/bootstrap.php.cache' for inclusion (include_path='.:/usr/share/php:/usr/share/pear') in /home/ubuntu/workspace/web/app.php on line 7
[12-Feb-2018 15:15:05 UTC] PHP Stack trace:
[12-Feb-2018 15:15:05 UTC] PHP   1. {main}() /home/ubuntu/workspace/web/app.php:0
[12-Feb-2018 15:15:05 UTC] PHP Warning:  include_once(/home/ubuntu/workspace/web/../var/bootstrap.php.cache): failed to open stream: No such file or directory in /home/ubuntu/workspace/web/app.php on line 7
[12-Feb-2018 15:15:05 UTC] PHP Stack trace:
[12-Feb-2018 15:15:05 UTC] PHP   1. {main}() /home/ubuntu/workspace/web/app.php:0
[12-Feb-2018 15:15:05 UTC] PHP Warning:  include_once(): Failed opening '/home/ubuntu/workspace/web/../var/bootstrap.php.cache' for inclusion (include_path='.:/usr/share/php:/usr/share/pear') in /home/ubuntu/workspace/web/app.php on line 7
[12-Feb-2018 15:15:05 UTC] PHP Stack trace:
[12-Feb-2018 15:15:05 UTC] PHP   1. {main}() /home/ubuntu/workspace/web/app.php:0
[12-Feb-2018 15:15:06 UTC] PHP Warning:  include_once(/home/ubuntu/workspace/web/../var/bootstrap.php.cache): failed to open stream: No such file or directory in /home/ubuntu/workspace/web/app.php on line 7
[12-Feb-2018 15:15:06 UTC] PHP Stack trace:
[12-Feb-2018 15:15:06 UTC] PHP   1. {main}() /home/ubuntu/workspace/web/app.php:0
[12-Feb-2018 15:15:06 UTC] PHP Warning:  include_once(): Failed opening '/home/ubuntu/workspace/web/../var/bootstrap.php.cache' for inclusion (include_path='.:/usr/share/php:/usr/share/pear') in /home/ubuntu/workspace/web/app.php on line 7
[12-Feb-2018 15:15:06 UTC] PHP Stack trace:
[12-Feb-2018 15:15:06 UTC] PHP   1. {main}() /home/ubuntu/workspace/web/app.php:0
[12-Feb-2018 15:16:56 UTC] PHP Warning:  include_once(/home/ubuntu/workspace/web/../var/bootstrap.php.cache): failed to open stream: No such file or directory in /home/ubuntu/workspace/web/app.php on line 7
[12-Feb-2018 15:16:56 UTC] PHP Stack trace:
[12-Feb-2018 15:16:56 UTC] PHP   1. {main}() /home/ubuntu/workspace/web/app.php:0
[12-Feb-2018 15:16:56 UTC] PHP Warning:  include_once(): Failed opening '/home/ubuntu/workspace/web/../var/bootstrap.php.cache' for inclusion (include_path='.:/usr/share/php:/usr/share/pear') in /home/ubuntu/workspace/web/app.php on line 7
[12-Feb-2018 15:16:56 UTC] PHP Stack trace:
[12-Feb-2018 15:16:56 UTC] PHP   1. {main}() /home/ubuntu/workspace/web/app.php:0
[12-Feb-2018 15:16:56 UTC] PHP Warning:  include_once(/home/ubuntu/workspace/web/../var/bootstrap.php.cache): failed to open stream: No such file or directory in /home/ubuntu/workspace/web/app.php on line 7
[12-Feb-2018 15:16:56 UTC] PHP Stack trace:
[12-Feb-2018 15:16:56 UTC] PHP   1. {main}() /home/ubuntu/workspace/web/app.php:0
[12-Feb-2018 15:16:56 UTC] PHP Warning:  include_once(): Failed opening '/home/ubuntu/workspace/web/../var/bootstrap.php.cache' for inclusion (include_path='.:/usr/share/php:/usr/share/pear') in /home/ubuntu/workspace/web/app.php on line 7
[12-Feb-2018 15:16:56 UTC] PHP Stack trace:
[12-Feb-2018 15:16:56 UTC] PHP   1. {main}() /home/ubuntu/workspace/web/app.php:0
[12-Feb-2018 15:16:57 UTC] PHP Warning:  include_once(/home/ubuntu/workspace/web/../var/bootstrap.php.cache): failed to open stream: No such file or directory in /home/ubuntu/workspace/web/app.php on line 7
[12-Feb-2018 15:16:57 UTC] PHP Stack trace:
[12-Feb-2018 15:16:57 UTC] PHP   1. {main}() /home/ubuntu/workspace/web/app.php:0
[12-Feb-2018 15:16:57 UTC] PHP Warning:  include_once(/home/ubuntu/workspace/web/../var/bootstrap.php.cache): failed to open stream: No such file or directory in /home/ubuntu/workspace/web/app.php on line 7
[12-Feb-2018 15:16:57 UTC] PHP Warning:  include_once(): Failed opening '/home/ubuntu/workspace/web/../var/bootstrap.php.cache' for inclusion (include_path='.:/usr/share/php:/usr/share/pear') in /home/ubuntu/workspace/web/app.php on line 7
[12-Feb-2018 15:16:57 UTC] PHP Stack trace:
[12-Feb-2018 15:16:57 UTC] PHP Stack trace:
[12-Feb-2018 15:16:57 UTC] PHP   1. {main}() /home/ubuntu/workspace/web/app.php:0
[12-Feb-2018 15:16:57 UTC] PHP   1. {main}() /home/ubuntu/workspace/web/app.php:0
[12-Feb-2018 15:16:57 UTC] PHP Warning:  include_once(): Failed opening '/home/ubuntu/workspace/web/../var/bootstrap.php.cache' for inclusion (include_path='.:/usr/share/php:/usr/share/pear') in /home/ubuntu/workspace/web/app.php on line 7
[12-Feb-2018 15:16:57 UTC] PHP Stack trace:
[12-Feb-2018 15:16:57 UTC] PHP   1. {main}() /home/ubuntu/workspace/web/app.php:0
[12-Feb-2018 15:16:57 UTC] PHP Warning:  include_once(/home/ubuntu/workspace/web/../var/bootstrap.php.cache): failed to open stream: No such file or directory in /home/ubuntu/workspace/web/app.php on line 7
[12-Feb-2018 15:16:57 UTC] PHP Stack trace:
[12-Feb-2018 15:16:57 UTC] PHP   1. {main}() /home/ubuntu/workspace/web/app.php:0
[12-Feb-2018 15:16:57 UTC] PHP Warning:  include_once(): Failed opening '/home/ubuntu/workspace/web/../var/bootstrap.php.cache' for inclusion (include_path='.:/usr/share/php:/usr/share/pear') in /home/ubuntu/workspace/web/app.php on line 7
[12-Feb-2018 15:16:57 UTC] PHP Stack trace:
[12-Feb-2018 15:16:57 UTC] PHP   1. {main}() /home/ubuntu/workspace/web/app.php:0
[12-Feb-2018 15:16:57 UTC] PHP Warning:  include_once(/home/ubuntu/workspace/web/../var/bootstrap.php.cache): failed to open stream: No such file or directory in /home/ubuntu/workspace/web/app.php on line 7
[12-Feb-2018 15:16:57 UTC] PHP Stack trace:
[12-Feb-2018 15:16:57 UTC] PHP   1. {main}() /home/ubuntu/workspace/web/app.php:0
[12-Feb-2018 15:16:57 UTC] PHP Warning:  include_once(): Failed opening '/home/ubuntu/workspace/web/../var/bootstrap.php.cache' for inclusion (include_path='.:/usr/share/php:/usr/share/pear') in /home/ubuntu/workspace/web/app.php on line 7
[12-Feb-2018 15:16:57 UTC] PHP Stack trace:
[12-Feb-2018 15:16:57 UTC] PHP   1. {main}() /home/ubuntu/workspace/web/app.php:0
[12-Feb-2018 15:16:57 UTC] PHP Warning:  include_once(/home/ubuntu/workspace/web/../var/bootstrap.php.cache): failed to open stream: No such file or directory in /home/ubuntu/workspace/web/app.php on line 7
[12-Feb-2018 15:16:57 UTC] PHP Stack trace:
[12-Feb-2018 15:16:57 UTC] PHP   1. {main}() /home/ubuntu/workspace/web/app.php:0
[12-Feb-2018 15:16:57 UTC] PHP Warning:  include_once(): Failed opening '/home/ubuntu/workspace/web/../var/bootstrap.php.cache' for inclusion (include_path='.:/usr/share/php:/usr/share/pear') in /home/ubuntu/workspace/web/app.php on line 7
[12-Feb-2018 15:16:57 UTC] PHP Stack trace:
[12-Feb-2018 15:16:57 UTC] PHP   1. {main}() /home/ubuntu/workspace/web/app.php:0
[12-Feb-2018 15:16:57 UTC] PHP Warning:  include_once(/home/ubuntu/workspace/web/../var/bootstrap.php.cache): failed to open stream: No such file or directory in /home/ubuntu/workspace/web/app.php on line 7
[12-Feb-2018 15:16:57 UTC] PHP Stack trace:
[12-Feb-2018 15:16:57 UTC] PHP   1. {main}() /home/ubuntu/workspace/web/app.php:0
[12-Feb-2018 15:16:57 UTC] PHP Warning:  include_once(): Failed opening '/home/ubuntu/workspace/web/../var/bootstrap.php.cache' for inclusion (include_path='.:/usr/share/php:/usr/share/pear') in /home/ubuntu/workspace/web/app.php on line 7
[12-Feb-2018 15:16:57 UTC] PHP Stack trace:
[12-Feb-2018 15:16:57 UTC] PHP   1. {main}() /home/ubuntu/workspace/web/app.php:0
[12-Feb-2018 15:16:57 UTC] PHP Warning:  include_once(/home/ubuntu/workspace/web/../var/bootstrap.php.cache): failed to open stream: No such file or directory in /home/ubuntu/workspace/web/app.php on line 7
[12-Feb-2018 15:16:57 UTC] PHP Stack trace:
[12-Feb-2018 15:16:57 UTC] PHP   1. {main}() /home/ubuntu/workspace/web/app.php:0
[12-Feb-2018 15:16:57 UTC] PHP Warning:  include_once(): Failed opening '/home/ubuntu/workspace/web/../var/bootstrap.php.cache' for inclusion (include_path='.:/usr/share/php:/usr/share/pear') in /home/ubuntu/workspace/web/app.php on line 7
[12-Feb-2018 15:16:57 UTC] PHP Stack trace:
[12-Feb-2018 15:16:57 UTC] PHP   1. {main}() /home/ubuntu/workspace/web/app.php:0
[12-Feb-2018 15:16:57 UTC] PHP Warning:  include_once(/home/ubuntu/workspace/web/../var/bootstrap.php.cache): failed to open stream: No such file or directory in /home/ubuntu/workspace/web/app.php on line 7
[12-Feb-2018 15:16:57 UTC] PHP Stack trace:
[12-Feb-2018 15:16:57 UTC] PHP   1. {main}() /home/ubuntu/workspace/web/app.php:0
[12-Feb-2018 15:16:57 UTC] PHP Warning:  include_once(): Failed opening '/home/ubuntu/workspace/web/../var/bootstrap.php.cache' for inclusion (include_path='.:/usr/share/php:/usr/share/pear') in /home/ubuntu/workspace/web/app.php on line 7
[12-Feb-2018 15:16:57 UTC] PHP Warning:  include_once(/home/ubuntu/workspace/web/../var/bootstrap.php.cache): failed to open stream: No such file or directory in /home/ubuntu/workspace/web/app.php on line 7
[12-Feb-2018 15:16:57 UTC] PHP Stack trace:
[12-Feb-2018 15:16:57 UTC] PHP Stack trace:
[12-Feb-2018 15:16:57 UTC] PHP   1. {main}() /home/ubuntu/workspace/web/app.php:0
[12-Feb-2018 15:16:57 UTC] PHP   1. {main}() /home/ubuntu/workspace/web/app.php:0
[12-Feb-2018 15:16:57 UTC] PHP Warning:  include_once(): Failed opening '/home/ubuntu/workspace/web/../var/bootstrap.php.cache' for inclusion (include_path='.:/usr/share/php:/usr/share/pear') in /home/ubuntu/workspace/web/app.php on line 7
[12-Feb-2018 15:16:57 UTC] PHP Stack trace:
[12-Feb-2018 15:16:57 UTC] PHP   1. {main}() /home/ubuntu/workspace/web/app.php:0
[12-Feb-2018 15:16:57 UTC] PHP Warning:  include_once(/home/ubuntu/workspace/web/../var/bootstrap.php.cache): failed to open stream: No such file or directory in /home/ubuntu/workspace/web/app.php on line 7
[12-Feb-2018 15:16:57 UTC] PHP Stack trace:
[12-Feb-2018 15:16:57 UTC] PHP   1. {main}() /home/ubuntu/workspace/web/app.php:0
[12-Feb-2018 15:16:57 UTC] PHP Warning:  include_once(): Failed opening '/home/ubuntu/workspace/web/../var/bootstrap.php.cache' for inclusion (include_path='.:/usr/share/php:/usr/share/pear') in /home/ubuntu/workspace/web/app.php on line 7
[12-Feb-2018 15:16:57 UTC] PHP Stack trace:
[12-Feb-2018 15:16:57 UTC] PHP   1. {main}() /home/ubuntu/workspace/web/app.php:0
[12-Feb-2018 15:16:57 UTC] PHP Warning:  include_once(/home/ubuntu/workspace/web/../var/bootstrap.php.cache): failed to open stream: No such file or directory in /home/ubuntu/workspace/web/app.php on line 7
[12-Feb-2018 15:16:57 UTC] PHP Stack trace:
[12-Feb-2018 15:16:57 UTC] PHP   1. {main}() /home/ubuntu/workspace/web/app.php:0
[12-Feb-2018 15:16:57 UTC] PHP Warning:  include_once(): Failed opening '/home/ubuntu/workspace/web/../var/bootstrap.php.cache' for inclusion (include_path='.:/usr/share/php:/usr/share/pear') in /home/ubuntu/workspace/web/app.php on line 7
[12-Feb-2018 15:16:57 UTC] PHP Stack trace:
[12-Feb-2018 15:16:57 UTC] PHP   1. {main}() /home/ubuntu/workspace/web/app.php:0
[12-Feb-2018 15:16:57 UTC] PHP Warning:  include_once(/home/ubuntu/workspace/web/../var/bootstrap.php.cache): failed to open stream: No such file or directory in /home/ubuntu/workspace/web/app.php on line 7
[12-Feb-2018 15:16:57 UTC] PHP Stack trace:
[12-Feb-2018 15:16:57 UTC] PHP   1. {main}() /home/ubuntu/workspace/web/app.php:0
[12-Feb-2018 15:16:57 UTC] PHP Warning:  include_once(): Failed opening '/home/ubuntu/workspace/web/../var/bootstrap.php.cache' for inclusion (include_path='.:/usr/share/php:/usr/share/pear') in /home/ubuntu/workspace/web/app.php on line 7
[12-Feb-2018 15:16:57 UTC] PHP Stack trace:
[12-Feb-2018 15:16:57 UTC] PHP   1. {main}() /home/ubuntu/workspace/web/app.php:0
[12-Feb-2018 15:16:58 UTC] PHP Warning:  include_once(/home/ubuntu/workspace/web/../var/bootstrap.php.cache): failed to open stream: No such file or directory in /home/ubuntu/workspace/web/app.php on line 7
[12-Feb-2018 15:16:58 UTC] PHP Stack trace:
[12-Feb-2018 15:16:58 UTC] PHP   1. {main}() /home/ubuntu/workspace/web/app.php:0
[12-Feb-2018 15:16:58 UTC] PHP Warning:  include_once(): Failed opening '/home/ubuntu/workspace/web/../var/bootstrap.php.cache' for inclusion (include_path='.:/usr/share/php:/usr/share/pear') in /home/ubuntu/workspace/web/app.php on line 7
[12-Feb-2018 15:16:58 UTC] PHP Stack trace:
[12-Feb-2018 15:16:58 UTC] PHP   1. {main}() /home/ubuntu/workspace/web/app.php:0
